Added Component: Designator=CON1(SFP PCB CON)
Added Component: Designator=CON2(SFP receptacle (no cage))
Added Pin To Net: NetName=GND Pin=CON1-11
Added Pin To Net: NetName=GND Pin=CON1-11
Added Pin To Net: NetName=GND Pin=CON1-14
Added Pin To Net: NetName=GND Pin=CON1-14
Added Pin To Net: NetName=GND Pin=CON1-17
Added Pin To Net: NetName=GND Pin=CON1-17
Added Pin To Net: NetName=GND Pin=CON1-20
Added Pin To Net: NetName=GND Pin=CON1-20
Added Pin To Net: NetName=GND Pin=CON2-1
Added Pin To Net: NetName=GND Pin=CON2-4
Added Pin To Net: NetName=GND Pin=CON2-7
Added Pin To Net: NetName=GND Pin=CON2-10
Added Pin To Net: NetName=GND Pin=CON2-11
Added Pin To Net: NetName=GND Pin=CON2-19
Added Pin To Net: NetName=GND Pin=CON2-20
Added Net: Name=GND
Added Pin To Net: NetName=LOS Pin=CON1-8
Added Pin To Net: NetName=LOS Pin=CON1-8
Added Pin To Net: NetName=LOS Pin=CON2-18
Added Net: Name=LOS
Added Pin To Net: NetName=MOD_DEF0 Pin=CON1-6
Added Pin To Net: NetName=MOD_DEF0 Pin=CON1-6
Added Pin To Net: NetName=MOD_DEF0 Pin=CON2-16
Added Net: Name=MOD_DEF0
Added Pin To Net: NetName=MOD_DEF1 Pin=CON1-5
Added Pin To Net: NetName=MOD_DEF1 Pin=CON1-5
Added Pin To Net: NetName=MOD_DEF1 Pin=CON2-15
Added Net: Name=MOD_DEF1
Added Pin To Net: NetName=MOD_DEF2 Pin=CON1-4
Added Pin To Net: NetName=MOD_DEF2 Pin=CON1-4
Added Pin To Net: NetName=MOD_DEF2 Pin=CON2-14
Added Net: Name=MOD_DEF2
Added Pin To Net: NetName=RATE_SEL Pin=CON1-7
Added Pin To Net: NetName=RATE_SEL Pin=CON1-7
Added Pin To Net: NetName=RATE_SEL Pin=CON2-17
Added Net: Name=RATE_SEL
Added Pin To Net: NetName=RD_N Pin=CON1-19
Added Pin To Net: NetName=RD_N Pin=CON1-19
Added Pin To Net: NetName=RD_N Pin=CON2-9
Added Net: Name=RD_N
Added Pin To Net: NetName=RD_P Pin=CON1-18
Added Pin To Net: NetName=RD_P Pin=CON1-18
Added Pin To Net: NetName=RD_P Pin=CON2-8
Added Net: Name=RD_P
Added Pin To Net: NetName=TD_N Pin=CON1-12
Added Pin To Net: NetName=TD_N Pin=CON1-12
Added Pin To Net: NetName=TD_N Pin=CON2-2
Added Net: Name=TD_N
Added Pin To Net: NetName=TD_P Pin=CON1-13
Added Pin To Net: NetName=TD_P Pin=CON1-13
Added Pin To Net: NetName=TD_P Pin=CON2-3
Added Net: Name=TD_P
Added Pin To Net: NetName=TX_DISABLE Pin=CON1-3
Added Pin To Net: NetName=TX_DISABLE Pin=CON1-3
Added Pin To Net: NetName=TX_DISABLE Pin=CON2-13
Added Net: Name=TX_DISABLE
Added Pin To Net: NetName=TX_FAULT Pin=CON1-2
Added Pin To Net: NetName=TX_FAULT Pin=CON1-2
Added Pin To Net: NetName=TX_FAULT Pin=CON2-12
Added Net: Name=TX_FAULT
Added Pin To Net: NetName=VCCR Pin=CON1-16
Added Pin To Net: NetName=VCCR Pin=CON1-16
Added Pin To Net: NetName=VCCR Pin=CON2-6
Added Net: Name=VCCR
Added Pin To Net: NetName=VCCT Pin=CON1-15
Added Pin To Net: NetName=VCCT Pin=CON1-15
Added Pin To Net: NetName=VCCT Pin=CON2-5
Added Net: Name=VCCT
Added Class: Name=Sheet_connectors
Added Class: Name=RD
Added Class: Name=TD
Added Differential Pair: Name=RD
Added Differential Pair: Name=TD
Added Room: Name=Sheet_connectors
