Added Component: Designator=CON1(PCB_SFP)
Added Pin To Net: NetName=TX_FAULT_1 Pin=CON1-2
Added Pin To Net: NetName=TX_DISABLE_1 Pin=CON1-3
Added Pin To Net: NetName=MOD_DEF2_1 Pin=CON1-4
Added Pin To Net: NetName=MOD_DEF1_1 Pin=CON1-5
Added Pin To Net: NetName=MOD_DEF0_1 Pin=CON1-6
Added Pin To Net: NetName=RATE_SEL_1 Pin=CON1-7
Added Pin To Net: NetName=LOS_1 Pin=CON1-8
Added Pin To Net: NetName=GND Pin=CON1-11
Added Pin To Net: NetName=TD_N Pin=CON1-12
Added Pin To Net: NetName=TD_P Pin=CON1-13
Added Pin To Net: NetName=GND Pin=CON1-14
Added Pin To Net: NetName=VCCT_1 Pin=CON1-15
Added Pin To Net: NetName=VCCR_1 Pin=CON1-16
Added Pin To Net: NetName=GND Pin=CON1-17
Added Pin To Net: NetName=RD_P Pin=CON1-18
Added Pin To Net: NetName=RD_N Pin=CON1-19
Added Pin To Net: NetName=GND Pin=CON1-20
Added Member To Class: ClassName=PAGE2 - SFP CONNECTORS, POWER Member=Component CON1 SFP receptacle (no cage)
Added Room: Name=PAGE2 - SFP CONNECTORS, POWER
