Added Component: Designator=C1(CAP0603)
Added Component: Designator=C2(CAP0805)
Added Component: Designator=C3(CAP0805)
Added Component: Designator=C4(CAP0805)
Added Component: Designator=C5(CAP0805)
Added Component: Designator=C6(CAP0603)
Added Component: Designator=C7(CAP0603)
Added Component: Designator=C8(CAP0603)
Added Component: Designator=C9(CAP0805)
Added Component: Designator=C10(CAP0805)
Added Component: Designator=C11(CAP0603)
Added Component: Designator=C12(CAP0603)
Added Component: Designator=L1(6-0805_N)
Added Component: Designator=L2(6-0805_N)
Added Component: Designator=L3(6-0805_N)
Added Component: Designator=L4(6-0805_N)
Added Component: Designator=P1(HDR2X5_CEN)
Added Component: Designator=R1(RES0603)
Added Component: Designator=R2(RES0603)
Added Component: Designator=R3(RES0603)
Added Component: Designator=R4(RES0603)
Added Component: Designator=R5(RES0603)
Added Component: Designator=R6(RES0603)
Added Component: Designator=R7(RES0603)
Added Component: Designator=R8(RES0603)
Added Component: Designator=R9(RES0603)
Added Component: Designator=R10(RES0603)
Added Component: Designator=R11(RES0603)
Added Component: Designator=R12(RES0603)
Added Component: Designator=R13(RES0603)
Added Component: Designator=R14(RES0603)
Added Component: Designator=R15(RES0603)
Added Component: Designator=R16(RES0603)
Added Component: Designator=R17(RES0603)
Added Component: Designator=R18(RES0603)
Added Component: Designator=R19(RES0603)
Added Component: Designator=R20(RES0603)
Added Component: Designator=R21(RES0603)
Added Component: Designator=R22(RES0603)
Added Component: Designator=R23(RES0603)
Added Component: Designator=R24(RES0603)
Added Component: Designator=SFP1(PCB_SFP_COVER)
Added Component: Designator=U1(TI-DCY4_N)
Added Pin To Net: NetName=+3V3 Pin=C3-1
Added Pin To Net: NetName=+3V3 Pin=C5-1
Added Pin To Net: NetName=+3V3 Pin=C7-2
Added Pin To Net: NetName=+3V3 Pin=C10-1
Added Pin To Net: NetName=+3V3 Pin=C12-2
Added Pin To Net: NetName=+3V3 Pin=L1-2
Added Pin To Net: NetName=+3V3 Pin=L2-2
Added Pin To Net: NetName=+3V3 Pin=L3-2
Added Pin To Net: NetName=+3V3 Pin=L4-2
Added Pin To Net: NetName=+3V3 Pin=R1-1
Added Pin To Net: NetName=+3V3 Pin=R2-1
Added Pin To Net: NetName=+3V3 Pin=R3-1
Added Pin To Net: NetName=+3V3 Pin=R4-1
Added Pin To Net: NetName=+3V3 Pin=R13-1
Added Pin To Net: NetName=+3V3 Pin=R14-1
Added Pin To Net: NetName=+3V3 Pin=R15-1
Added Pin To Net: NetName=+3V3 Pin=R16-1
Added Pin To Net: NetName=+3V3 Pin=R17-1
Added Pin To Net: NetName=+3V3 Pin=R18-1
Added Pin To Net: NetName=+3V3 Pin=R19-1
Added Pin To Net: NetName=+3V3 Pin=R20-1
Added Pin To Net: NetName=+3V3 Pin=U1-2
Added Pin To Net: NetName=+3V3 Pin=U1-4
Added Net: Name=+3V3
Added Pin To Net: NetName=+5V Pin=C2-1
Added Pin To Net: NetName=+5V Pin=P1-1
Added Pin To Net: NetName=+5V Pin=U1-3
Added Net: Name=+5V
Added Pin To Net: NetName=GND Pin=C1-1
Added Pin To Net: NetName=GND Pin=C2-2
Added Pin To Net: NetName=GND Pin=C3-2
Added Pin To Net: NetName=GND Pin=C4-2
Added Pin To Net: NetName=GND Pin=C5-2
Added Pin To Net: NetName=GND Pin=C6-1
Added Pin To Net: NetName=GND Pin=C7-1
Added Pin To Net: NetName=GND Pin=C8-1
Added Pin To Net: NetName=GND Pin=C9-2
Added Pin To Net: NetName=GND Pin=C10-2
Added Pin To Net: NetName=GND Pin=C11-1
Added Pin To Net: NetName=GND Pin=C12-1
Added Pin To Net: NetName=GND Pin=P1-10
Added Pin To Net: NetName=GND Pin=R9-2
Added Pin To Net: NetName=GND Pin=R10-2
Added Pin To Net: NetName=GND Pin=R11-2
Added Pin To Net: NetName=GND Pin=R12-2
Added Pin To Net: NetName=GND Pin=R21-2
Added Pin To Net: NetName=GND Pin=R22-2
Added Pin To Net: NetName=GND Pin=R23-2
Added Pin To Net: NetName=GND Pin=R24-2
Added Pin To Net: NetName=GND Pin=SFP1-1
Added Pin To Net: NetName=GND Pin=SFP1-9
Added Pin To Net: NetName=GND Pin=SFP1-10
Added Pin To Net: NetName=GND Pin=SFP1-11
Added Pin To Net: NetName=GND Pin=SFP1-14
Added Pin To Net: NetName=GND Pin=SFP1-17
Added Pin To Net: NetName=GND Pin=SFP1-20
Added Pin To Net: NetName=GND Pin=SFP1-21
Added Pin To Net: NetName=GND Pin=SFP1-21
Added Pin To Net: NetName=GND Pin=SFP1-21
Added Pin To Net: NetName=GND Pin=SFP1-21
Added Pin To Net: NetName=GND Pin=SFP1-21
Added Pin To Net: NetName=GND Pin=SFP1-21
Added Pin To Net: NetName=GND Pin=SFP1-21
Added Pin To Net: NetName=GND Pin=SFP1-21
Added Pin To Net: NetName=GND Pin=SFP1-21
Added Pin To Net: NetName=GND Pin=SFP1-21
Added Pin To Net: NetName=GND Pin=SFP1-21
Added Pin To Net: NetName=GND Pin=SFP1-21
Added Pin To Net: NetName=GND Pin=SFP1-21
Added Pin To Net: NetName=GND Pin=SFP1-21
Added Pin To Net: NetName=GND Pin=SFP1-21
Added Pin To Net: NetName=GND Pin=SFP1-21
Added Pin To Net: NetName=GND Pin=SFP1-21
Added Pin To Net: NetName=GND Pin=SFP1-21
Added Pin To Net: NetName=GND Pin=SFP1-21
Added Pin To Net: NetName=GND Pin=SFP1-21
Added Pin To Net: NetName=GND Pin=SFP1-21
Added Pin To Net: NetName=GND Pin=U1-1
Added Net: Name=GND
Added Pin To Net: NetName=LOS_1 Pin=R1-2
Added Pin To Net: NetName=LOS_1 Pin=R5-1
Added Pin To Net: NetName=LOS_1 Pin=R9-1
Added Net: Name=LOS_1
Added Pin To Net: NetName=LOS_2 Pin=R3-2
Added Pin To Net: NetName=LOS_2 Pin=R7-1
Added Pin To Net: NetName=LOS_2 Pin=R11-1
Added Pin To Net: NetName=LOS_2 Pin=SFP1-8
Added Net: Name=LOS_2
Added Pin To Net: NetName=MOD_DEF0_1 Pin=R2-2
Added Pin To Net: NetName=MOD_DEF0_1 Pin=R6-1
Added Pin To Net: NetName=MOD_DEF0_1 Pin=R10-1
Added Net: Name=MOD_DEF0_1
Added Pin To Net: NetName=MOD_DEF0_2 Pin=R4-2
Added Pin To Net: NetName=MOD_DEF0_2 Pin=R8-1
Added Pin To Net: NetName=MOD_DEF0_2 Pin=R12-1
Added Pin To Net: NetName=MOD_DEF0_2 Pin=SFP1-6
Added Net: Name=MOD_DEF0_2
Added Pin To Net: NetName=MOD_DEF1_1 Pin=P1-9
Added Pin To Net: NetName=MOD_DEF1_1 Pin=R20-2
Added Net: Name=MOD_DEF1_1
Added Pin To Net: NetName=MOD_DEF1_2 Pin=P1-7
Added Pin To Net: NetName=MOD_DEF1_2 Pin=R16-2
Added Pin To Net: NetName=MOD_DEF1_2 Pin=SFP1-5
Added Net: Name=MOD_DEF1_2
Added Pin To Net: NetName=MOD_DEF2_1 Pin=P1-8
Added Pin To Net: NetName=MOD_DEF2_1 Pin=R19-2
Added Net: Name=MOD_DEF2_1
Added Pin To Net: NetName=MOD_DEF2_2 Pin=P1-6
Added Pin To Net: NetName=MOD_DEF2_2 Pin=R15-2
Added Pin To Net: NetName=MOD_DEF2_2 Pin=SFP1-4
Added Net: Name=MOD_DEF2_2
Added Pin To Net: NetName=RATE_SEL_1 Pin=R13-2
Added Pin To Net: NetName=RATE_SEL_1 Pin=R21-1
Added Net: Name=RATE_SEL_1
Added Pin To Net: NetName=RATE_SEL_2 Pin=R17-2
Added Pin To Net: NetName=RATE_SEL_2 Pin=R23-1
Added Pin To Net: NetName=RATE_SEL_2 Pin=SFP1-7
Added Net: Name=RATE_SEL_2
Added Pin To Net: NetName=RD_N Pin=SFP1-12
Added Net: Name=RD_N
Added Pin To Net: NetName=RD_P Pin=SFP1-13
Added Net: Name=RD_P
Added Pin To Net: NetName=SFP_LOS_1 Pin=P1-3
Added Pin To Net: NetName=SFP_LOS_1 Pin=R5-2
Added Net: Name=SFP_LOS_1
Added Pin To Net: NetName=SFP_LOS_2 Pin=P1-4
Added Pin To Net: NetName=SFP_LOS_2 Pin=R7-2
Added Net: Name=SFP_LOS_2
Added Pin To Net: NetName=SFP_MOD_DEF0_1 Pin=P1-2
Added Pin To Net: NetName=SFP_MOD_DEF0_1 Pin=R6-2
Added Net: Name=SFP_MOD_DEF0_1
Added Pin To Net: NetName=SFP_MOD_DEF0_2 Pin=P1-5
Added Pin To Net: NetName=SFP_MOD_DEF0_2 Pin=R8-2
Added Net: Name=SFP_MOD_DEF0_2
Added Pin To Net: NetName=TD_N Pin=SFP1-19
Added Net: Name=TD_N
Added Pin To Net: NetName=TD_P Pin=SFP1-18
Added Net: Name=TD_P
Added Pin To Net: NetName=TX_DISABLE_1 Pin=R14-2
Added Pin To Net: NetName=TX_DISABLE_1 Pin=R22-1
Added Net: Name=TX_DISABLE_1
Added Pin To Net: NetName=TX_DISABLE_2 Pin=R18-2
Added Pin To Net: NetName=TX_DISABLE_2 Pin=R24-1
Added Pin To Net: NetName=TX_DISABLE_2 Pin=SFP1-3
Added Net: Name=TX_DISABLE_2
Added Net: Name=TX_FAULT_1
Added Pin To Net: NetName=TX_FAULT_2 Pin=SFP1-2
Added Net: Name=TX_FAULT_2
Added Pin To Net: NetName=VCCR_1 Pin=C4-1
Added Pin To Net: NetName=VCCR_1 Pin=C6-2
Added Pin To Net: NetName=VCCR_1 Pin=L2-1
Added Net: Name=VCCR_1
Added Pin To Net: NetName=VCCR_2 Pin=C9-1
Added Pin To Net: NetName=VCCR_2 Pin=C11-2
Added Pin To Net: NetName=VCCR_2 Pin=L4-1
Added Pin To Net: NetName=VCCR_2 Pin=SFP1-15
Added Net: Name=VCCR_2
Added Pin To Net: NetName=VCCT_1 Pin=C1-2
Added Pin To Net: NetName=VCCT_1 Pin=L1-1
Added Net: Name=VCCT_1
Added Pin To Net: NetName=VCCT_2 Pin=C8-2
Added Pin To Net: NetName=VCCT_2 Pin=L3-1
Added Pin To Net: NetName=VCCT_2 Pin=SFP1-16
Added Net: Name=VCCT_2
Added Class: Name=PAGE2 - SFP CONNECTORS, POWER
Added Class: Name=RD
Added Class: Name=TD
Added Differential Pair: Name=RD
Added Differential Pair: Name=TD
Added Room: Name=PAGE2 - SFP CONNECTORS, POWER
